<?xml version="1.0" encoding="UTF-8"?>
<testng-results ignored="0" total="1" passed="1" failed="0" skipped="0">
  <reporter-output>
  </reporter-output>
  <suite started-at="2023-02-14T21:22:34 IST" name="Default suite" finished-at="2023-02-14T21:22:34 IST" duration-ms="56">
    <groups>
    </groups>
    <test started-at="2023-02-14T21:22:34 IST" name="Default test" finished-at="2023-02-14T21:22:34 IST" duration-ms="56">
      <class name="com.example.Testclass">
        <test-method signature="test()[pri:0, instance:com.example.Testclass@4d0f2471]" started-at="2023-02-14T21:22:34 IST" name="test" finished-at="2023-02-14T21:22:34 IST" duration-ms="8" status="PASS">
          <reporter-output>
          </reporter-output>
        </test-method> <!-- test -->
      </class> <!-- com.example.Testclass -->
    </test> <!-- Default test -->
  </suite> <!-- Default suite -->
</testng-results>
